2022.12.02 13:13:13 INFO  tracing is disabled for protocol LSP, to enable tracing of incoming and outgoing JSON messages create an empty file at /Users/abanda/natures-api/.metals/lsp.trace.json or /Users/abanda/Library/Caches/org.scalameta.metals/lsp.trace.json
2022.12.02 13:13:16 INFO  logging to file /Users/abanda/natures-api/.metals/metals.log
2022.12.02 13:13:16 INFO  Started: Metals version 0.11.9 in workspace '/Users/abanda/natures-api' for client Visual Studio Code 1.73.1.
2022.12.02 13:13:22 INFO  time: initialize in 6.31s
2022.12.02 13:13:23 WARN  Build server is not auto-connectable.
2022.12.02 13:41:33 INFO  tracing is disabled for protocol LSP, to enable tracing of incoming and outgoing JSON messages create an empty file at /Users/abanda/wax-and-carts-api/.metals/lsp.trace.json or /Users/abanda/Library/Caches/org.scalameta.metals/lsp.trace.json
2022.12.02 13:41:35 INFO  logging to file /Users/abanda/wax-and-carts-api/.metals/metals.log
2022.12.02 13:41:35 INFO  Started: Metals version 0.11.9 in workspace '/Users/abanda/wax-and-carts-api' for client Visual Studio Code 1.73.1.
2022.12.02 13:41:40 INFO  time: initialize in 5.21s
2022.12.02 13:41:42 WARN  Build server is not auto-connectable.
2022.12.02 13:41:42 WARN  no build target for: /Users/abanda/wax-and-carts-api/app/models/order/Cart.scala
2022.12.02 13:42:08 WARN  no build target for: /Users/abanda/wax-and-carts-api/app/models/order/CartItem.scala
2022.12.02 13:46:10 INFO  no build target found for /Users/abanda/wax-and-carts-api/app/models/order/Cart.scala. Using presentation compiler with project's scala-library version: 3.2.0
2022.12.02 13:46:11 WARN  no build target for: /Users/abanda/wax-and-carts-api/app/models/order/Checkout.scala
Dec 02, 2022 1:46:11 PM org.eclipse.lsp4j.jsonrpc.RemoteEndpoint handleCancellation
WARNING: Unmatched cancel notification for request id 12
Dec 02, 2022 1:46:11 PM org.eclipse.lsp4j.jsonrpc.RemoteEndpoint handleCancellation
WARNING: Unmatched cancel notification for request id 14
Dec 02, 2022 1:46:11 PM org.eclipse.lsp4j.jsonrpc.RemoteEndpoint handleCancellation
WARNING: Unmatched cancel notification for request id 11
2022.12.02 13:46:11 WARN  no build target for: /Users/abanda/wax-and-carts-api/app/models/order/ShippingDetails.scala
Dec 02, 2022 1:46:11 PM org.eclipse.lsp4j.jsonrpc.RemoteEndpoint handleCancellation
WARNING: Unmatched cancel notification for request id 17
Dec 02, 2022 1:46:11 PM org.eclipse.lsp4j.jsonrpc.RemoteEndpoint handleCancellation
WARNING: Unmatched cancel notification for request id 22
Dec 02, 2022 1:46:11 PM org.eclipse.lsp4j.jsonrpc.RemoteEndpoint handleCancellation
WARNING: Unmatched cancel notification for request id 20
Dec 02, 2022 1:46:11 PM org.eclipse.lsp4j.jsonrpc.RemoteEndpoint handleCancellation
WARNING: Unmatched cancel notification for request id 16
Dec 02, 2022 1:46:11 PM org.eclipse.lsp4j.jsonrpc.RemoteEndpoint handleCancellation
WARNING: Unmatched cancel notification for request id 27
Dec 02, 2022 1:46:11 PM org.eclipse.lsp4j.jsonrpc.RemoteEndpoint handleCancellation
WARNING: Unmatched cancel notification for request id 31
Dec 02, 2022 1:46:11 PM org.eclipse.lsp4j.jsonrpc.RemoteEndpoint handleCancellation
WARNING: Unmatched cancel notification for request id 28
Dec 02, 2022 1:46:11 PM org.eclipse.lsp4j.jsonrpc.RemoteEndpoint handleCancellation
WARNING: Unmatched cancel notification for request id 29
2022.12.02 13:46:11 WARN  no build target for: /Users/abanda/wax-and-carts-api/app/models/core/Contact.scala
Dec 02, 2022 1:46:12 PM org.eclipse.lsp4j.jsonrpc.RemoteEndpoint handleCancellation
WARNING: Unmatched cancel notification for request id 33
Dec 02, 2022 1:46:12 PM org.eclipse.lsp4j.jsonrpc.RemoteEndpoint handleCancellation
WARNING: Unmatched cancel notification for request id 39
Dec 02, 2022 1:46:12 PM org.eclipse.lsp4j.jsonrpc.RemoteEndpoint handleCancellation
WARNING: Unmatched cancel notification for request id 35
Dec 02, 2022 1:46:12 PM org.eclipse.lsp4j.jsonrpc.RemoteEndpoint handleCancellation
WARNING: Unmatched cancel notification for request id 32
2022.12.02 13:46:12 WARN  no build target for: /Users/abanda/wax-and-carts-api/app/controllers/OrderController.scala
Dec 02, 2022 1:46:12 PM org.eclipse.lsp4j.jsonrpc.RemoteEndpoint handleCancellation
WARNING: Unmatched cancel notification for request id 47
Dec 02, 2022 1:46:12 PM org.eclipse.lsp4j.jsonrpc.RemoteEndpoint handleCancellation
WARNING: Unmatched cancel notification for request id 44
2022.12.02 13:46:21 INFO  time: code lens generation in 2.68s
2022.12.02 13:46:22 INFO  time: code lens generation in 9.49s
2022.12.02 13:46:22 INFO  time: code lens generation in 9.53s
2022.12.02 13:46:22 INFO  time: code lens generation in 9.41s
2022.12.02 13:46:22 INFO  time: code lens generation in 10s
2022.12.02 13:46:22 INFO  time: code lens generation in 10s
2022.12.02 13:46:22 INFO  time: code lens generation in 10s
2022.12.02 13:46:22 INFO  time: code lens generation in 11s
2022.12.02 13:46:22 INFO  time: code lens generation in 11s
2022.12.02 13:46:22 INFO  time: code lens generation in 10s
2022.12.02 13:46:22 INFO  time: code lens generation in 10s
2022.12.02 13:46:22 INFO  time: code lens generation in 11s
2022.12.02 13:46:22 INFO  time: code lens generation in 11s
2022.12.02 13:46:23 INFO  time: code lens generation in 4m14s
2022.12.02 13:46:23 INFO  time: code lens generation in 3m52s
2022.12.02 13:46:23 INFO  time: code lens generation in 4m31s
2022.12.02 13:46:23 INFO  time: code lens generation in 4m38s
2022.12.02 13:51:34 WARN  no build target for: /Users/abanda/wax-and-carts-api/app/models/core/Contact.scala
2022.12.02 13:51:34 WARN  no build target for: /Users/abanda/wax-and-carts-api/app/controllers/OrderController.scala
2022.12.02 13:51:37 WARN  no build target for: /Users/abanda/wax-and-carts-api/app/models/order/ShippingDetails.scala
2022.12.02 13:56:54 WARN  no build target for: /Users/abanda/wax-and-carts-api/build.sbt
2022.12.02 13:57:32 WARN  no build target for: /Users/abanda/wax-and-carts-api/project/plugins.sbt
2022.12.02 14:11:51 WARN  no build target for: /Users/abanda/wax-and-carts-api/project/plugins.sbt
2022.12.02 14:11:56 WARN  no build target for: /Users/abanda/wax-and-carts-api/project/plugins.sbt
2022.12.02 14:12:02 INFO  skipping build import with status 'Dismissed'
2022.12.02 14:22:53 WARN  no build target for: /Users/abanda/wax-and-carts-api/build.sbt
2022.12.02 15:06:32 INFO  time: code lens generation in 1.13s
2022.12.02 15:12:16 WARN  no build target for: /Users/abanda/wax-and-carts-api/build.sbt
2022.12.02 15:12:16 WARN  no build target for: /Users/abanda/wax-and-carts-api/project/plugins.sbt
2022.12.02 15:32:49 INFO  shutting down Metals
2022.12.02 18:35:50 INFO  tracing is disabled for protocol LSP, to enable tracing of incoming and outgoing JSON messages create an empty file at /Users/abanda/wax-and-carts-api/.metals/lsp.trace.json or /Users/abanda/Library/Caches/org.scalameta.metals/lsp.trace.json
2022.12.02 18:35:52 INFO  logging to file /Users/abanda/wax-and-carts-api/.metals/metals.log
2022.12.02 18:35:52 INFO  Started: Metals version 0.11.9 in workspace '/Users/abanda/wax-and-carts-api' for client Visual Studio Code 1.73.1.
2022.12.02 18:35:56 INFO  time: initialize in 3.37s
2022.12.02 18:35:57 WARN  Build server is not auto-connectable.
2022.12.02 18:44:34 WARN  no build target for: /Users/abanda/wax-and-carts-api/build.sbt
2022.12.02 18:44:44 INFO  no build target found for /Users/abanda/wax-and-carts-api/build.sbt. Using presentation compiler with project's scala-library version: 3.2.0
2022.12.02 18:44:52 INFO  time: code lens generation in 15s
2022.12.02 18:48:16 WARN  no build target for: /Users/abanda/wax-and-carts-api/project/plugins.sbt
2022.12.02 18:48:58 WARN  no build target for: /Users/abanda/wax-and-carts-api/project/plugins.sbt
2022.12.02 18:48:58 WARN  no build target for: /Users/abanda/wax-and-carts-api/build.sbt
2022.12.02 18:49:26 WARN  no build target for: /Users/abanda/wax-and-carts-api/build.sbt
2022.12.02 19:03:44 INFO  shutting down Metals
